<?xml version="1.0" encoding="UTF-8"?>
<!-- Generated by org.testng.reporters.JUnitReportReporter -->
<testsuite hostname="ADMIN" failures="0" tests="1" name="com.bluebird.comcast.contactTest.Contact1Test" time="23.222" errors="0" timestamp="2022-06-13T17:52:23 IST" skipped="0">
  <testcase classname="com.bluebird.comcast.contactTest.Contact1Test" name="createContact" time="23.222"/>
  <system-out/>
</testsuite> <!-- com.bluebird.comcast.contactTest.Contact1Test -->
