<?xml version="1.0" encoding="UTF-8"?>
<!-- Generated by org.testng.reporters.JUnitReportReporter -->
<testsuite hostname="ADMIN" failures="0" tests="3" name="Practice.ModuleTest" time="0.018" errors="0" timestamp="2022-06-07T10:59:51 IST" skipped="0">
  <testcase classname="Practice.ModuleTest" name="deleteContactTest" time="0.012"/>
  <system-out/>
  <testcase classname="Practice.ModuleTest" name="createContactTest" time="0.003"/>
  <system-out/>
  <testcase classname="Practice.ModuleTest" name="modifyContact" time="0.003"/>
  <system-out/>
</testsuite> <!-- Practice.ModuleTest -->
