<?xml version="1.0" encoding="UTF-8"?>
<!-- Generated by org.testng.reporters.JUnitReportReporter -->
<testsuite hostname="ADMIN" failures="0" tests="1" name="com.bluebird.comcast.campaignTest.Campaign1Test" time="13.356" errors="0" timestamp="2022-06-13T17:57:10 IST" skipped="0">
  <testcase classname="com.bluebird.comcast.campaignTest.Campaign1Test" name="createcampaign" time="13.356"/>
  <system-out/>
</testsuite> <!-- com.bluebird.comcast.campaignTest.Campaign1Test -->
