<?xml version="1.0" encoding="UTF-8"?>
<!-- Generated by org.testng.reporters.JUnitReportReporter -->
<testsuite hostname="ADMIN" failures="0" tests="1" name="com.bluebird.comcast.organozationTest.Organization1Test" time="15.231" errors="0" timestamp="2022-06-13T17:57:10 IST" skipped="0">
  <testcase classname="com.bluebird.comcast.organozationTest.Organization1Test" name="createOrg" time="15.231"/>
  <system-out/>
</testsuite> <!-- com.bluebird.comcast.organozationTest.Organization1Test -->
